<?xml version="1.0" encoding="UTF-8"?>
<!-- Generated by org.testng.reporters.JUnitReportReporter -->
<testsuite skipped="0" hostname="Zaiweis-MacBook-Air.local" name="run.ui.runUiTest" tests="2" failures="0" timestamp="08 Feb 2021 03:26:16 GMT" time="49.605" errors="0">
  <testcase name="feature" time="12.532" classname="run.ui.runUiTest"/>
  <testcase name="feature" time="37.073" classname="run.ui.runUiTest"/>
</testsuite> <!-- run.ui.runUiTest -->
