<?xml version="1.0" encoding="UTF-8"?>
<!-- Generated by org.testng.reporters.JUnitReportReporter -->
<testsuite hostname="Zaiweis-MacBook-Air.local" failures="0" tests="2" name="run.ui.runUiTest" time="54.497" errors="0" timestamp="08 Feb 2021 11:02:37 GMT" skipped="0">
  <testcase classname="run.ui.runUiTest" name="feature" time="40.931"/>
  <testcase classname="run.ui.runUiTest" name="feature" time="13.566"/>
</testsuite> <!-- run.ui.runUiTest -->
