<?xml version="1.0" encoding="UTF-8"?>
<!-- Generated by org.testng.reporters.JUnitReportReporter -->
<testsuite hostname="Zaiweis-MacBook-Air.local" failures="0" tests="2" name="run.ui.runUiTest" time="58.633" errors="0" timestamp="08 Feb 2021 10:39:53 GMT" skipped="0">
  <testcase classname="run.ui.runUiTest" name="feature" time="45.889"/>
  <testcase classname="run.ui.runUiTest" name="feature" time="12.744"/>
</testsuite> <!-- run.ui.runUiTest -->
