<?xml version="1.0" encoding="UTF-8"?>
<!-- Generated by org.testng.reporters.JUnitReportReporter -->
<testsuite hostname="Zaiweis-MacBook-Air.local" failures="0" tests="2" name="run.ui.runUiTest" time="69.190" errors="0" timestamp="08 Feb 2021 10:36:10 GMT" skipped="0">
  <testcase classname="run.ui.runUiTest" name="feature" time="53.987"/>
  <testcase classname="run.ui.runUiTest" name="feature" time="15.203"/>
</testsuite> <!-- run.ui.runUiTest -->
