<?xml version="1.0" encoding="UTF-8"?>
<!-- Generated by org.testng.reporters.JUnitReportReporter -->
<testsuite hostname="Zaiweis-MacBook-Air.local" failures="0" tests="2" name="run.ui.runUiTest" time="47.211" errors="0" timestamp="08 Feb 2021 00:37:16 GMT" skipped="0">
  <testcase classname="run.ui.runUiTest" name="feature" time="12.185"/>
  <testcase classname="run.ui.runUiTest" name="feature" time="35.026"/>
</testsuite> <!-- run.ui.runUiTest -->
